<?xml version="1.0" encoding="UTF-8"?>
<!-- Generated by org.testng.reporters.JUnitReportReporter -->
<testsuite hostname="L470i5r8gb256ssdP" failures="0" tests="1" name="packages.TestCase" time="0.017" errors="0" timestamp="2022-12-26T23:06:28 GMT" skipped="0">
  <testcase classname="packages.TestCase" name="sampleTest" time="0.017"/>
  <system-out/>
</testsuite> <!-- packages.TestCase -->
